# JRE version: 7.0_09-b05
# Java VM: Java HotSpot(TM) 64-Bit Server VM (23.5-b02 mixed mode windows-amd64 compressed oops)
Heap
 PSYoungGen      total 116480K, used 48860K [0x00000000f5560000, 0x0000000100000000, 0x0000000100000000)
  eden space 58240K, 0% used [0x00000000f5560000,0x00000000f5560000,0x00000000f8e40000)
  from space 58240K, 83% used [0x00000000f8e40000,0x00000000fbdf7278,0x00000000fc720000)
  to   space 58240K, 0% used [0x00000000fc720000,0x00000000fc720000,0x0000000100000000)
 ParOldGen       total 144704K, used 120360K [0x00000000e0000000, 0x00000000e8d50000, 0x00000000f5560000)
  object space 144704K, 83% used [0x00000000e0000000,0x00000000e758a1e0,0x00000000e8d50000)
 PSPermGen       total 30784K, used 30685K [0x00000000dae00000, 0x00000000dcc10000, 0x00000000e0000000)
  object space 30784K, 99% used [0x00000000dae00000,0x00000000dcbf7778,0x00000000dcc10000)
GC Heap History (10 events):
Event: 36.704 GC heap after
Heap after GC invocations=8 (full 1):
 PSYoungGen      total 130624K, used 31929K [0x00000000f5560000, 0x0000000100000000, 0x0000000100000000)
  eden space 98688K, 0% used [0x00000000f5560000,0x00000000f5560000,0x00000000fb5c0000)
  from space 31936K, 99% used [0x00000000fb5c0000,0x00000000fd4ee4e8,0x00000000fd4f0000)
  to   space 39872K, 0% used [0x00000000fd910000,0x00000000fd910000,0x0000000100000000)
 ParOldGen       total 144704K, used 94211K [0x00000000e0000000, 0x00000000e8d50000, 0x00000000f5560000)
  object space 144704K, 65% used [0x00000000e0000000,0x00000000e5c00ee0,0x00000000e8d50000)
 PSPermGen       total 30592K, used 26272K [0x00000000dae00000, 0x00000000dcbe0000, 0x00000000e0000000)
  object space 30592K, 85% used [0x00000000dae00000,0x00000000dc7a8198,0x00000000dcbe0000)
}
Event: 37.954 GC heap before
{Heap before GC invocations=9 (full 1):
 PSYoungGen      total 130624K, used 130617K [0x00000000f5560000, 0x0000000100000000, 0x0000000100000000)
  eden space 98688K, 100% used [0x00000000f5560000,0x00000000fb5c0000,0x00000000fb5c0000)
  from space 31936K, 99% used [0x00000000fb5c0000,0x00000000fd4ee4e8,0x00000000fd4f0000)
  to   space 39872K, 0% used [0x00000000fd910000,0x00000000fd910000,0x0000000100000000)
 ParOldGen       total 144704K, used 94211K [0x00000000e0000000, 0x00000000e8d50000, 0x00000000f5560000)
  object space 144704K, 65% used [0x00000000e0000000,0x00000000e5c00ee0,0x00000000e8d50000)
 PSPermGen       total 30592K, used 26824K [0x00000000dae00000, 0x00000000dcbe0000, 0x00000000e0000000)
  object space 30592K, 87% used [0x00000000dae00000,0x00000000dc8321e0,0x00000000dcbe0000)
Event: 38.022 GC heap after
Heap after GC invocations=9 (full 1):
 PSYoungGen      total 108480K, used 39850K [0x00000000f5560000, 0x0000000100000000, 0x0000000100000000)
  eden space 68608K, 0% used [0x00000000f5560000,0x00000000f5560000,0x00000000f9860000)
  from space 39872K, 99% used [0x00000000fd910000,0x00000000ffffa8a8,0x0000000100000000)
  to   space 53056K, 0% used [0x00000000f9860000,0x00000000f9860000,0x00000000fcc30000)
 ParOldGen       total 144704K, used 113936K [0x00000000e0000000, 0x00000000e8d50000, 0x00000000f5560000)
  object space 144704K, 78% used [0x00000000e0000000,0x00000000e6f44270,0x00000000e8d50000)
 PSPermGen       total 30592K, used 26824K [0x00000000dae00000, 0x00000000dcbe0000, 0x00000000e0000000)
  object space 30592K, 87% used [0x00000000dae00000,0x00000000dc8321e0,0x00000000dcbe0000)
}
Event: 39.656 GC heap before
{Heap before GC invocations=10 (full 1):
 PSYoungGen      total 108480K, used 108458K [0x00000000f5560000, 0x0000000100000000, 0x0000000100000000)
  eden space 68608K, 100% used [0x00000000f5560000,0x00000000f9860000,0x00000000f9860000)
  from space 39872K, 99% used [0x00000000fd910000,0x00000000ffffa8a8,0x0000000100000000)
  to   space 53056K, 0% used [0x00000000f9860000,0x00000000f9860000,0x00000000fcc30000)
 ParOldGen       total 144704K, used 113936K [0x00000000e0000000, 0x00000000e8d50000, 0x00000000f5560000)
  object space 144704K, 78% used [0x00000000e0000000,0x00000000e6f44270,0x00000000e8d50000)
 PSPermGen       total 30592K, used 27240K [0x00000000dae00000, 0x00000000dcbe0000, 0x00000000e0000000)
  object space 30592K, 89% used [0x00000000dae00000,0x00000000dc89a298,0x00000000dcbe0000)
Event: 39.714 GC heap after
Heap after GC invocations=10 (full 1):
 PSYoungGen      total 120576K, used 51960K [0x00000000f5560000, 0x0000000100000000, 0x0000000100000000)
  eden space 68608K, 0% used [0x00000000f5560000,0x00000000f5560000,0x00000000f9860000)
  from space 51968K, 99% used [0x00000000f9860000,0x00000000fcb1e1e0,0x00000000fcb20000)
  to   space 54144K, 0% used [0x00000000fcb20000,0x00000000fcb20000,0x0000000100000000)
 ParOldGen       total 144704K, used 113936K [0x00000000e0000000, 0x00000000e8d50000, 0x00000000f5560000)
  object space 144704K, 78% used [0x00000000e0000000,0x00000000e6f44270,0x00000000e8d50000)
 PSPermGen       total 30592K, used 27240K [0x00000000dae00000, 0x00000000dcbe0000, 0x00000000e0000000)
  object space 30592K, 89% used [0x00000000dae00000,0x00000000dc89a298,0x00000000dcbe0000)
}
Event: 41.137 GC heap before
{Heap before GC invocations=11 (full 1):
 PSYoungGen      total 120576K, used 120568K [0x00000000f5560000, 0x0000000100000000, 0x0000000100000000)
  eden space 68608K, 100% used [0x00000000f5560000,0x00000000f9860000,0x00000000f9860000)
  from space 51968K, 99% used [0x00000000f9860000,0x00000000fcb1e1e0,0x00000000fcb20000)
  to   space 54144K, 0% used [0x00000000fcb20000,0x00000000fcb20000,0x0000000100000000)
 ParOldGen       total 144704K, used 113936K [0x00000000e0000000, 0x00000000e8d50000, 0x00000000f5560000)
  object space 144704K, 78% used [0x00000000e0000000,0x00000000e6f44270,0x00000000e8d50000)
 PSPermGen       total 30592K, used 30123K [0x00000000dae00000, 0x00000000dcbe0000, 0x00000000e0000000)
  object space 30592K, 98% used [0x00000000dae00000,0x00000000dcb6ae90,0x00000000dcbe0000)
Event: 41.199 GC heap after
Heap after GC invocations=11 (full 1):
 PSYoungGen      total 112384K, used 53818K [0x00000000f5560000, 0x0000000100000000, 0x0000000100000000)
  eden space 58240K, 0% used [0x00000000f5560000,0x00000000f5560000,0x00000000f8e40000)
  from space 54144K, 99% used [0x00000000fcb20000,0x00000000fffaead8,0x0000000100000000)
  to   space 58240K, 0% used [0x00000000f8e40000,0x00000000f8e40000,0x00000000fc720000)
 ParOldGen       total 144704K, used 113936K [0x00000000e0000000, 0x00000000e8d50000, 0x00000000f5560000)
  object space 144704K, 78% used [0x00000000e0000000,0x00000000e6f44270,0x00000000e8d50000)
 PSPermGen       total 30592K, used 30123K [0x00000000dae00000, 0x00000000dcbe0000, 0x00000000e0000000)
  object space 30592K, 98% used [0x00000000dae00000,0x00000000dcb6ae90,0x00000000dcbe0000)
}
Event: 41.546 GC heap before
{Heap before GC invocations=12 (full 1):
 PSYoungGen      total 112384K, used 112058K [0x00000000f5560000, 0x0000000100000000, 0x0000000100000000)
  eden space 58240K, 100% used [0x00000000f5560000,0x00000000f8e40000,0x00000000f8e40000)
  from space 54144K, 99% used [0x00000000fcb20000,0x00000000fffaead8,0x0000000100000000)
  to   space 58240K, 0% used [0x00000000f8e40000,0x00000000f8e40000,0x00000000fc720000)
 ParOldGen       total 144704K, used 113936K [0x00000000e0000000, 0x00000000e8d50000, 0x00000000f5560000)
  object space 144704K, 78% used [0x00000000e0000000,0x00000000e6f44270,0x00000000e8d50000)
 PSPermGen       total 30784K, used 30685K [0x00000000dae00000, 0x00000000dcc10000, 0x00000000e0000000)
  object space 30784K, 99% used [0x00000000dae00000,0x00000000dcbf7778,0x00000000dcc10000)
Event: 41.621 GC heap after
Heap after GC invocations=12 (full 1):
 PSYoungGen      total 116480K, used 48860K [0x00000000f5560000, 0x0000000100000000, 0x0000000100000000)
  eden space 58240K, 0% used [0x00000000f5560000,0x00000000f5560000,0x00000000f8e40000)
  from space 58240K, 83% used [0x00000000f8e40000,0x00000000fbdf7278,0x00000000fc720000)
  to   space 58240K, 0% used [0x00000000fc720000,0x00000000fc720000,0x0000000100000000)
 ParOldGen       total 144704K, used 120360K [0x00000000e0000000, 0x00000000e8d50000, 0x00000000f5560000)
  object space 144704K, 83% used [0x00000000e0000000,0x00000000e758a1e0,0x00000000e8d50000)
 PSPermGen       total 30784K, used 30685K [0x00000000dae00000, 0x00000000dcc10000, 0x00000000e0000000)
  object space 30784K, 99% used [0x00000000dae00000,0x00000000dcbf7778,0x00000000dcc10000)
}
Event: 41.621 GC heap before
{Heap before GC invocations=13 (full 2):
 PSYoungGen      total 116480K, used 48860K [0x00000000f5560000, 0x0000000100000000, 0x0000000100000000)
  eden space 58240K, 0% used [0x00000000f5560000,0x00000000f5560000,0x00000000f8e40000)
  from space 58240K, 83% used [0x00000000f8e40000,0x00000000fbdf7278,0x00000000fc720000)
  to   space 58240K, 0% used [0x00000000fc720000,0x00000000fc720000,0x0000000100000000)
 ParOldGen       total 144704K, used 120360K [0x00000000e0000000, 0x00000000e8d50000, 0x00000000f5560000)
  object space 144704K, 83% used [0x00000000e0000000,0x00000000e758a1e0,0x00000000e8d50000)
 PSPermGen       total 30784K, used 30685K [0x00000000dae00000, 0x00000000dcc10000, 0x00000000e0000000)
  object space 30784K, 99% used [0x00000000dae00000,0x00000000dcbf7778,0x00000000dcc10000)

